2024-11-14 13:17:22 - Starting SpendWiseApplication using Java 17.0.11 with PID 24060 (C:\Users\ASUS\IdeaProjects\spendwise\target\classes started by ASUS in C:\Users\ASUS\IdeaProjects\spendwise)
2024-11-14 13:17:22 - Running with Spring Boot v3.3.0, Spring v6.1.8
2024-11-14 13:17:22 - No active profile set, falling back to 1 default profile: "default"
2024-11-14 13:17:22 - Devtools property defaults active! Set 'spring.devtools.add-properties' to 'false' to disable
2024-11-14 13:17:22 - For additional web related logging consider setting the 'logging.level.web' property to 'DEBUG'
2024-11-14 13:17:23 - Bootstrapping Spring Data JPA repositories in DEFAULT mode.
2024-11-14 13:17:23 - Finished Spring Data repository scanning in 56 ms. Found 7 JPA repository interfaces.
2024-11-14 13:17:24 - Tomcat initialized with port 8080 (http)
2024-11-14 13:17:24 - Initializing ProtocolHandler ["http-nio-8080"]
2024-11-14 13:17:24 - Starting service [Tomcat]
2024-11-14 13:17:24 - Starting Servlet engine: [Apache Tomcat/10.1.24]
2024-11-14 13:17:24 - Initializing Spring embedded WebApplicationContext
2024-11-14 13:17:24 - Root WebApplicationContext: initialization completed in 1661 ms
2024-11-14 13:17:24 - HikariPool-1 - Starting...
2024-11-14 13:17:24 - HikariPool-1 - Added connection org.postgresql.jdbc.PgConnection@43c8489f
2024-11-14 13:17:24 - HikariPool-1 - Start completed.
2024-11-14 13:17:24 - HHH000204: Processing PersistenceUnitInfo [name: default]
2024-11-14 13:17:24 - HHH000412: Hibernate ORM core version 6.5.2.Final
2024-11-14 13:17:25 - HHH000026: Second-level cache disabled
2024-11-14 13:17:25 - No LoadTimeWeaver setup: ignoring JPA class transformer
2024-11-14 13:17:25 - HHH90000025: PostgreSQLDialect does not need to be specified explicitly using 'hibernate.dialect' (remove the property setting and it will be selected by default)
2024-11-14 13:17:26 - HHH000489: No JTA platform available (set 'hibernate.transaction.jta.platform' to enable JTA platform integration)
2024-11-14 13:17:26 - Initialized JPA EntityManagerFactory for persistence unit 'default'
2024-11-14 13:17:26 - Hibernate is in classpath; If applicable, HQL parser will be used.
2024-11-14 13:17:27 - spring.jpa.open-in-view is enabled by default. Therefore, database queries may be performed during view rendering. Explicitly configure spring.jpa.open-in-view to disable this warning
2024-11-14 13:17:27 - Will secure any request with [org.springframework.security.web.session.DisableEncodeUrlFilter@18578e5c, org.springframework.security.web.context.request.async.WebAsyncManagerIntegrationFilter@623df08c, org.springframework.security.web.context.SecurityContextHolderFilter@50d2d37c, org.springframework.security.web.header.HeaderWriterFilter@123a76b9, org.springframework.web.filter.CorsFilter@3fcebc4f, org.springframework.security.web.csrf.CsrfFilter@66657d25, org.springframework.security.web.authentication.logout.LogoutFilter@2e004b39, org.springframework.security.oauth2.server.resource.web.authentication.BearerTokenAuthenticationFilter@14d93eea, org.springframework.security.web.savedrequest.RequestCacheAwareFilter@1cca0633, org.springframework.security.web.servletapi.SecurityContextHolderAwareRequestFilter@21295410, org.springframework.security.web.authentication.AnonymousAuthenticationFilter@4d71676d, org.springframework.security.web.access.ExceptionTranslationFilter@5cdff48, org.springframework.security.web.access.intercept.AuthorizationFilter@561dee9c]
2024-11-14 13:17:27 - LiveReload server is running on port 35729
2024-11-14 13:17:27 - Starting ProtocolHandler ["http-nio-8080"]
2024-11-14 13:17:27 - Tomcat started on port 8080 (http) with context path '/'
2024-11-14 13:17:27 - Started SpendWiseApplication in 7.174 seconds (process running for 8.113)
2024-11-14 13:19:47 - Initializing Spring DispatcherServlet 'dispatcherServlet'
2024-11-14 13:19:47 - Initializing Servlet 'dispatcherServlet'
2024-11-14 13:19:47 - Completed initialization in 1 ms
2024-11-14 13:49:23 - HikariPool-1 - Thread starvation or clock leap detected (housekeeper delta=6m31s978ms446µs100ns).
2024-11-14 14:10:00 - HikariPool-1 - Thread starvation or clock leap detected (housekeeper delta=10m36s945ms294µs800ns).
2024-11-14 14:59:57 - Resolved [com.app.spendWise.exception.NotFoundException: User not found]
2024-11-14 15:12:21 - Resolved [com.app.spendWise.exception.NotFoundException: User not found]
